  [1m[35m (2.5ms)[0m  [1m[34mSELECT sqlite_version(*)[0m
  [1m[35m (0.1ms)[0m  [1m[34mSELECT sqlite_version(*)[0m
Started GET "/" for ::1 at 2019-10-04 19:51:20 +0200
  [1m[35m (0.5ms)[0m  [1m[34mSELECT sqlite_version(*)[0m
Processing by Rails::WelcomeController#index as HTML
  Rendering /Users/jorgecalero/.rbenv/versions/2.6.3/lib/ruby/gems/2.6.0/gems/railties-6.0.0/lib/rails/templates/rails/welcome/index.html.erb
  Rendered /Users/jorgecalero/.rbenv/versions/2.6.3/lib/ruby/gems/2.6.0/gems/railties-6.0.0/lib/rails/templates/rails/welcome/index.html.erb (Duration: 10.9ms | Allocations: 501)
Completed 200 OK in 25ms (Views: 18.6ms | ActiveRecord: 0.0ms | Allocations: 2712)


Started GET "/favicon.ico" for ::1 at 2019-10-04 19:51:21 +0200
  
ActionController::RoutingError (No route matches [GET] "/favicon.ico"):
  
actionpack (6.0.0) lib/action_dispatch/middleware/debug_exceptions.rb:36:in `call'
actionpack (6.0.0) lib/action_dispatch/middleware/show_exceptions.rb:33:in `call'
railties (6.0.0) lib/rails/rack/logger.rb:38:in `call_app'
railties (6.0.0) lib/rails/rack/logger.rb:26:in `block in call'
activesupport (6.0.0) lib/active_support/tagged_logging.rb:80:in `block in tagged'
activesupport (6.0.0) lib/active_support/tagged_logging.rb:28:in `tagged'
activesupport (6.0.0) lib/active_support/tagged_logging.rb:80:in `tagged'
railties (6.0.0) lib/rails/rack/logger.rb:26:in `call'
actionpack (6.0.0) lib/action_dispatch/middleware/remote_ip.rb:81:in `call'
actionpack (6.0.0) lib/action_dispatch/middleware/request_id.rb:27:in `call'
rack (2.0.7) lib/rack/runtime.rb:22:in `call'
activesupport (6.0.0) lib/active_support/cache/strategy/local_cache_middleware.rb:29:in `call'
actionpack (6.0.0) lib/action_dispatch/middleware/executor.rb:14:in `call'
actionpack (6.0.0) lib/action_dispatch/middleware/static.rb:126:in `call'
rack (2.0.7) lib/rack/sendfile.rb:111:in `call'
actionpack (6.0.0) lib/action_dispatch/middleware/host_authorization.rb:83:in `call'
railties (6.0.0) lib/rails/engine.rb:526:in `call'
puma (3.12.1) lib/puma/configuration.rb:227:in `call'
puma (3.12.1) lib/puma/server.rb:660:in `handle_request'
puma (3.12.1) lib/puma/server.rb:474:in `process_client'
puma (3.12.1) lib/puma/server.rb:334:in `block in run'
puma (3.12.1) lib/puma/thread_pool.rb:135:in `block in spawn_thread'
Started GET "/" for ::1 at 2019-10-04 19:51:37 +0200
Processing by Rails::WelcomeController#index as HTML
  Rendering /Users/jorgecalero/.rbenv/versions/2.6.3/lib/ruby/gems/2.6.0/gems/railties-6.0.0/lib/rails/templates/rails/welcome/index.html.erb
  Rendered /Users/jorgecalero/.rbenv/versions/2.6.3/lib/ruby/gems/2.6.0/gems/railties-6.0.0/lib/rails/templates/rails/welcome/index.html.erb (Duration: 11.6ms | Allocations: 191)
Completed 200 OK in 17ms (Views: 12.9ms | ActiveRecord: 0.0ms | Allocations: 738)


Started GET "/api/v1/tests" for 127.0.0.1 at 2019-10-04 19:52:15 +0200
Processing by Api::V1::TestsController#index as */*
Completed 200 OK in 0ms (Views: 0.2ms | ActiveRecord: 0.0ms | Allocations: 189)


Started GET "/api/v1/tests" for 127.0.0.1 at 2019-10-04 19:56:12 +0200
Processing by Api::V1::TestsController#index as */*
Completed 200 OK in 0ms (Views: 0.2ms | ActiveRecord: 0.0ms | Allocations: 117)


Started GET "/api/v1/tests" for 127.0.0.1 at 2019-10-04 19:56:14 +0200
Processing by Api::V1::TestsController#index as */*
Completed 200 OK in 0ms (Views: 0.1ms | ActiveRecord: 0.0ms | Allocations: 116)


Started GET "/api/v1/tests" for 127.0.0.1 at 2019-10-04 19:56:14 +0200
Processing by Api::V1::TestsController#index as */*
Completed 200 OK in 0ms (Views: 0.2ms | ActiveRecord: 0.0ms | Allocations: 115)


Started GET "/api/v1/tests" for 127.0.0.1 at 2019-10-04 19:56:35 +0200
Processing by Api::V1::TestsController#index as */*
Completed 200 OK in 0ms (Views: 0.2ms | ActiveRecord: 0.0ms | Allocations: 116)


Started GET "/api/v1/tests" for 127.0.0.1 at 2019-10-04 21:55:04 +0200
  [1m[35m (0.1ms)[0m  [1m[34mSELECT sqlite_version(*)[0m
Processing by Api::V1::TestsController#index as */*
Completed 200 OK in 0ms (Views: 0.2ms | ActiveRecord: 0.0ms | Allocations: 115)


Started GET "/api/v1/tests" for ::1 at 2019-10-08 11:49:35 +0200
  [1m[35m (1.5ms)[0m  [1m[34mSELECT sqlite_version(*)[0m
Processing by Api::V1::TestsController#index as */*
Completed 200 OK in 1ms (Views: 0.2ms | ActiveRecord: 0.0ms | Allocations: 199)


Started GET "/api/v1/tests" for ::1 at 2019-10-08 11:49:43 +0200
Processing by Api::V1::TestsController#index as */*
Completed 200 OK in 1ms (Views: 0.4ms | ActiveRecord: 0.0ms | Allocations: 117)


Started GET "/api/v1/tests" for ::1 at 2019-10-08 11:49:44 +0200
Processing by Api::V1::TestsController#index as */*
Completed 200 OK in 0ms (Views: 0.2ms | ActiveRecord: 0.0ms | Allocations: 117)


  [1m[35m (0.4ms)[0m  [1m[34mSELECT sqlite_version(*)[0m
  [1m[35m (2.8ms)[0m  [1m[35mCREATE TABLE "schema_migrations" ("version" varchar NOT NULL PRIMARY KEY)[0m
  [1m[35m (1.1ms)[0m  [1m[35mCREATE TABLE "ar_internal_metadata" ("key" varchar NOT NULL PRIMARY KEY, "value" varchar, "created_at" datetime(6) NOT NULL, "updated_at" datetime(6) NOT NULL)[0m
  [1m[35m (0.2ms)[0m  [1m[34mSELECT "schema_migrations"."version" FROM "schema_migrations" ORDER BY "schema_migrations"."version" ASC[0m
Migrating to CreateUploads (20191008100306)
  [1m[35m (0.1ms)[0m  [1m[36mbegin transaction[0m
  [1m[35m (0.4ms)[0m  [1m[35mCREATE TABLE "uploads" ("id" integer PRIMARY KEY AUTOINCREMENT NOT NULL, "created_at" datetime(6) NOT NULL, "updated_at" datetime(6) NOT NULL)[0m
  [1m[36mprimary::SchemaMigration Create (0.2ms)[0m  [1m[32mINSERT INTO "schema_migrations" ("version") VALUES (?)[0m  [["version", "20191008100306"]]
  [1m[35m (1.0ms)[0m  [1m[36mcommit transaction[0m
Migrating to CreateActiveStorageTables (20191008100323)
  [1m[35m (0.1ms)[0m  [1m[36mbegin transaction[0m
  [1m[35m (0.4ms)[0m  [1m[35mCREATE TABLE "active_storage_blobs" ("id" integer PRIMARY KEY AUTOINCREMENT NOT NULL, "key" varchar NOT NULL, "filename" varchar NOT NULL, "content_type" varchar, "metadata" text, "byte_size" bigint NOT NULL, "checksum" varchar NOT NULL, "created_at" datetime NOT NULL)[0m
  [1m[35m (0.1ms)[0m  [1m[35mCREATE UNIQUE INDEX "index_active_storage_blobs_on_key" ON "active_storage_blobs" ("key")[0m
  [1m[35m (0.2ms)[0m  [1m[35mCREATE TABLE "active_storage_attachments" ("id" integer PRIMARY KEY AUTOINCREMENT NOT NULL, "name" varchar NOT NULL, "record_type" varchar NOT NULL, "record_id" integer NOT NULL, "blob_id" integer NOT NULL, "created_at" datetime NOT NULL, CONSTRAINT "fk_rails_c3b3935057"
FOREIGN KEY ("blob_id")
  REFERENCES "active_storage_blobs" ("id")
)[0m
  [1m[35m (0.1ms)[0m  [1m[35mCREATE  INDEX "index_active_storage_attachments_on_blob_id" ON "active_storage_attachments" ("blob_id")[0m
  [1m[35m (0.1ms)[0m  [1m[35mCREATE UNIQUE INDEX "index_active_storage_attachments_uniqueness" ON "active_storage_attachments" ("record_type", "record_id", "name", "blob_id")[0m
  [1m[36mprimary::SchemaMigration Create (0.1ms)[0m  [1m[32mINSERT INTO "schema_migrations" ("version") VALUES (?)[0m  [["version", "20191008100323"]]
  [1m[35m (1.0ms)[0m  [1m[36mcommit transaction[0m
  [1m[36mActiveRecord::InternalMetadata Load (0.2ms)[0m  [1m[34mSELECT "ar_internal_metadata".* FROM "ar_internal_metadata" WHERE "ar_internal_metadata"."key" = ? LIMIT ?[0m  [["key", "environment"], ["LIMIT", 1]]
  [1m[35m (0.1ms)[0m  [1m[36mbegin transaction[0m
  [1m[36mActiveRecord::InternalMetadata Create (0.4ms)[0m  [1m[32mINSERT INTO "ar_internal_metadata" ("key", "value", "created_at", "updated_at") VALUES (?, ?, ?, ?)[0m  [["key", "environment"], ["value", "development"], ["created_at", "2019-10-08 10:03:40.260585"], ["updated_at", "2019-10-08 10:03:40.260585"]]
  [1m[35m (0.8ms)[0m  [1m[36mcommit transaction[0m
  [1m[35m (0.1ms)[0m  [1m[34mSELECT sqlite_version(*)[0m
  [1m[35m (0.2ms)[0m  [1m[34mSELECT "schema_migrations"."version" FROM "schema_migrations" ORDER BY "schema_migrations"."version" ASC[0m
Started POST "/api/v1/uploads" for ::1 at 2019-10-08 12:44:40 +0200
  [1m[35m (0.1ms)[0m  [1m[34mSELECT sqlite_version(*)[0m
  [1m[35m (0.2ms)[0m  [1m[34mSELECT "schema_migrations"."version" FROM "schema_migrations" ORDER BY "schema_migrations"."version" ASC[0m
Processing by Api::V1::UploadsController#create as */*
  Parameters: {"upload"=>{"file"=>#<ActionDispatch::Http::UploadedFile:0x00007feb37a0fa30 @tempfile=#<Tempfile:/var/folders/sh/pj84dkbs2sb26wcc4tcp3n9m0000gn/T/RackMultipart20191008-1202-w7j8pe.jpg>, @original_filename="_DSC5584.jpg", @content_type="image/jpeg", @headers="Content-Disposition: form-data; name=\"upload[file]\"; filename=\"_DSC5584.jpg\"\r\nContent-Type: image/jpeg\r\n">}}
  [1m[35m (0.1ms)[0m  [1m[36mbegin transaction[0m
  ↳ app/controllers/api/v1/uploads_controller.rb:4:in `create'
  [1m[36mUpload Create (0.5ms)[0m  [1m[32mINSERT INTO "uploads" ("created_at", "updated_at") VALUES (?, ?)[0m  [["created_at", "2019-10-08 10:44:40.718029"], ["updated_at", "2019-10-08 10:44:40.718029"]]
  ↳ app/controllers/api/v1/uploads_controller.rb:4:in `create'
  [1m[36mActiveStorage::Blob Load (0.2ms)[0m  [1m[34mSELECT "active_storage_blobs".* FROM "active_storage_blobs" INNER JOIN "active_storage_attachments" ON "active_storage_blobs"."id" = "active_storage_attachments"."blob_id" WHERE "active_storage_attachments"."record_id" = ? AND "active_storage_attachments"."record_type" = ? AND "active_storage_attachments"."name" = ? LIMIT ?[0m  [["record_id", 1], ["record_type", "Upload"], ["name", "file"], ["LIMIT", 1]]
  ↳ app/controllers/api/v1/uploads_controller.rb:4:in `create'
  [1m[36mActiveStorage::Attachment Load (0.2ms)[0m  [1m[34mSELECT "active_storage_attachments".* FROM "active_storage_attachments" WHERE "active_storage_attachments"."record_id" = ? AND "active_storage_attachments"."record_type" = ? AND "active_storage_attachments"."name" = ? LIMIT ?[0m  [["record_id", 1], ["record_type", "Upload"], ["name", "file"], ["LIMIT", 1]]
  ↳ app/controllers/api/v1/uploads_controller.rb:4:in `create'
  [1m[36mActiveStorage::Blob Create (0.2ms)[0m  [1m[32mINSERT INTO "active_storage_blobs" ("key", "filename", "content_type", "metadata", "byte_size", "checksum", "created_at") VALUES (?, ?, ?, ?, ?, ?, ?)[0m  [["key", "zer84xp7u92gwbmuil7wkzpb1pdt"], ["filename", "_DSC5584.jpg"], ["content_type", "image/jpeg"], ["metadata", "{\"identified\":true}"], ["byte_size", 13278170], ["checksum", "0q79V+L60hzJSbjHXj2vWg=="], ["created_at", "2019-10-08 10:44:40.918878"]]
  ↳ app/controllers/api/v1/uploads_controller.rb:4:in `create'
  [1m[36mActiveStorage::Attachment Create (0.2ms)[0m  [1m[32mINSERT INTO "active_storage_attachments" ("name", "record_type", "record_id", "blob_id", "created_at") VALUES (?, ?, ?, ?, ?)[0m  [["name", "file"], ["record_type", "Upload"], ["record_id", 1], ["blob_id", 1], ["created_at", "2019-10-08 10:44:40.920971"]]
  ↳ app/controllers/api/v1/uploads_controller.rb:4:in `create'
  [1m[36mUpload Update (0.1ms)[0m  [1m[33mUPDATE "uploads" SET "updated_at" = ? WHERE "uploads"."id" = ?[0m  [["updated_at", "2019-10-08 10:44:40.922360"], ["id", 1]]
  ↳ app/controllers/api/v1/uploads_controller.rb:4:in `create'
  [1m[35m (0.9ms)[0m  [1m[36mcommit transaction[0m
  ↳ app/controllers/api/v1/uploads_controller.rb:4:in `create'
[36m  Disk Storage (60.0ms) [0m[32mUploaded file to key: zer84xp7u92gwbmuil7wkzpb1pdt (checksum: 0q79V+L60hzJSbjHXj2vWg==)[0m
[ActiveJob] Enqueued ActiveStorage::AnalyzeJob (Job ID: 8ed08eda-2dc2-4d8f-8e17-ed7ddd9b430f) to Async(active_storage_analysis) with arguments: #<GlobalID:0x00007feb3721b9a0 @uri=#<URI::GID gid://rails-react-demo/ActiveStorage::Blob/1>>
Completed 200 OK in 323ms (Views: 0.4ms | ActiveRecord: 3.9ms | Allocations: 82124)


  [1m[35m (0.1ms)[0m  [1m[34mSELECT sqlite_version(*)[0m
  [1m[36mActiveStorage::Blob Load (0.1ms)[0m  [1m[34mSELECT "active_storage_blobs".* FROM "active_storage_blobs" WHERE "active_storage_blobs"."id" = ? LIMIT ?[0m  [["id", 1], ["LIMIT", 1]]
[ActiveJob] [ActiveStorage::AnalyzeJob] [8ed08eda-2dc2-4d8f-8e17-ed7ddd9b430f] Performing ActiveStorage::AnalyzeJob (Job ID: 8ed08eda-2dc2-4d8f-8e17-ed7ddd9b430f) from Async(active_storage_analysis) enqueued at 2019-10-08T10:44:41Z with arguments: #<GlobalID:0x00007feb3748ad08 @uri=#<URI::GID gid://rails-react-demo/ActiveStorage::Blob/1>>
[ActiveJob] [ActiveStorage::AnalyzeJob] [8ed08eda-2dc2-4d8f-8e17-ed7ddd9b430f] [36m  Disk Storage (13.9ms) [0m[34mDownloaded file from key: zer84xp7u92gwbmuil7wkzpb1pdt[0m
[ActiveJob] [ActiveStorage::AnalyzeJob] [8ed08eda-2dc2-4d8f-8e17-ed7ddd9b430f] Skipping image analysis because the mini_magick gem isn't installed
[ActiveJob] [ActiveStorage::AnalyzeJob] [8ed08eda-2dc2-4d8f-8e17-ed7ddd9b430f]   [1m[35m (0.1ms)[0m  [1m[36mbegin transaction[0m
[ActiveJob] [ActiveStorage::AnalyzeJob] [8ed08eda-2dc2-4d8f-8e17-ed7ddd9b430f]   [1m[36mActiveStorage::Blob Update (0.3ms)[0m  [1m[33mUPDATE "active_storage_blobs" SET "metadata" = ? WHERE "active_storage_blobs"."id" = ?[0m  [["metadata", "{\"identified\":true,\"analyzed\":true}"], ["id", 1]]
[ActiveJob] [ActiveStorage::AnalyzeJob] [8ed08eda-2dc2-4d8f-8e17-ed7ddd9b430f]   [1m[35m (0.9ms)[0m  [1m[36mcommit transaction[0m
[ActiveJob] [ActiveStorage::AnalyzeJob] [8ed08eda-2dc2-4d8f-8e17-ed7ddd9b430f] Performed ActiveStorage::AnalyzeJob (Job ID: 8ed08eda-2dc2-4d8f-8e17-ed7ddd9b430f) from Async(active_storage_analysis) in 72.1ms
